<?xml version="1.0" encoding="UTF-8"?>
<!-- Generated by org.testng.reporters.JUnitReportReporter -->
<testsuite hostname="Tamil" failures="0" tests="1" name="com.extentreports.tests.ExtentReportFile" time="0.618" errors="0" timestamp="2024-06-14T19:59:33 IST" skipped="0">
  <testcase classname="com.extentreports.tests.ExtentReportFile" name="extentTest" time="0.618"/>
</testsuite> <!-- com.extentreports.tests.ExtentReportFile -->
